{"message":"Hello world","level":"error"}
{"level":"info","message":"info"}
{"level":"info","message":"hey dude","meta":{"foo":"bar"}}
{"message":"Hello world","level":"error"}
{"level":"info","message":"info"}
{"level":"info","message":"hey dude","meta":{"foo":"bar"}}
{"message":"Hello world","level":"error"}
{"level":"info","message":"info"}
{"level":"info","message":"hey dude","meta":{"foo":"bar"}}
{"message":"Express server listening on port 4040","level":"info"}
{"message":"Express server listening on port 4040","level":"info"}
{"message":"Express server listening on port 4040","level":"info"}
{"message":"Express server listening on port 4040","level":"info"}
{"message":"Express server listening on port 4040","level":"info"}
{"message":"Express server listening on port 4040","level":"info"}
{"message":"Express server listening on port 4040","level":"info"}
{"message":"Express server listening on port 4040","level":"info"}
{"message":"Express server listening on port 4040","level":"info"}
{"message":"Express server listening on port 4040","level":"info"}
{"message":"Express server listening on port 4040","level":"info"}
{"message":"Express server listening on port 4040","level":"info"}
{"message":"Express server listening on port 4040","level":"info"}
{"message":"Express server listening on port 4040","level":"info"}
{"message":"Express server listening on port 4040","level":"info"}
{"message":"Express server listening on port 4040","level":"info"}
{"message":"Express server listening on port 4040","level":"info"}
{"message":"Express server listening on port 4040","level":"info"}
{"message":"Express server listening on port 4040","level":"info"}
{"message":"Express server listening on port 4040","level":"info"}
{"message":"Express server listening on port 4040","level":"info"}
{"message":"Express server listening on port 4040","level":"info"}
{"message":"Express server listening on port 4040","level":"info"}
{"message":"Express server listening on port 4040","level":"info"}
{"message":"Express server listening on port 4040","level":"info"}
{"message":"Express server listening on port 4040","level":"info"}
{"message":"Express server listening on port 4040","level":"info"}
{"message":"Express server listening on port 4040","level":"info"}
{"message":"Express server listening on port 4040","level":"info"}
{"message":"::1 - - [26/Oct/2018:06:52:05 +0000] \"GET /user?searchQuery=Kaja HTTP/1.1\" 200 213\n","level":"info"}
